<?xml version="1.0" encoding="UTF-8"?>
<!-- Generated by org.testng.reporters.JUnitXMLReporter -->
<testsuite hostname="Arshdeeps-MacBook-Pro.local" ignored="0" name="mytest" tests="6" failures="0" timestamp="2024-02-26T17:00:54 EST" time="0.121" errors="0">
  <testcase name="test4" time="0.015" classname="testngdemo.SecondTest"/>
  <testcase name="test5" time="0.003" classname="testngdemo.SecondTest"/>
  <testcase name="test6" time="0.002" classname="testngdemo.SecondTest"/>
  <testcase name="test1" time="0.001" classname="testngdemo.FirstTest"/>
  <testcase name="test2" time="0.004" classname="testngdemo.FirstTest"/>
  <testcase name="test3" time="0.001" classname="testngdemo.FirstTest"/>
</testsuite> <!-- mytest -->
