<?xml version="1.0" encoding="UTF-8"?>
<!-- Generated by org.testng.reporters.JUnitXMLReporter -->
<testsuite hostname="Arshdeeps-MacBook-Pro.local" ignored="6" name="myTests" tests="3" failures="0" timestamp="2024-02-29T07:05:02 EST" time="0.082" errors="0">
  <testcase name="signupbyfacebook" time="0.01" classname="testngdemo.HardAssertions"/>
  <testcase name="signupbytwitter" time="0.002" classname="testngdemo.HardAssertions"/>
  <testcase name="paymentReturnbyBank" time="0.002" classname="testngdemo.HardAssertions"/>
  <testcase name="signupbyemail" time="0.0" classname="testngdemo.HardAssertions">
    <ignored/>
  </testcase> <!-- signupbyemail -->
  <testcase name="loginByfacebook" time="0.0" classname="testngdemo.HardAssertions">
    <ignored/>
  </testcase> <!-- loginByfacebook -->
  <testcase name="paymentinrupees" time="0.0" classname="testngdemo.HardAssertions">
    <ignored/>
  </testcase> <!-- paymentinrupees -->
  <testcase name="loginByEmail" time="0.0" classname="testngdemo.HardAssertions">
    <ignored/>
  </testcase> <!-- loginByEmail -->
  <testcase name="paymentindollar" time="0.0" classname="testngdemo.HardAssertions">
    <ignored/>
  </testcase> <!-- paymentindollar -->
  <testcase name="loginBytwitter" time="0.0" classname="testngdemo.HardAssertions">
    <ignored/>
  </testcase> <!-- loginBytwitter -->
</testsuite> <!-- myTests -->
