<?xml version="1.0" encoding="UTF-8"?>
<!-- Generated by org.testng.reporters.JUnitXMLReporter -->
<testsuite hostname="Arshdeeps-MacBook-Pro.local" ignored="0" name="Test" tests="3" failures="0" timestamp="2024-03-01T14:51:32 EST" time="11.005" errors="0">
  <testcase name="testLogo" time="0.078" classname="testngdemo.ExtentDemo"/>
  <testcase name="testLogin" time="1.435" classname="testngdemo.ExtentDemo"/>
  <testcase name="testLogout" time="3.636" classname="testngdemo.ExtentDemo"/>
</testsuite> <!-- Test -->
