<?xml version="1.0" encoding="UTF-8"?>
<testng-results ignored="0" total="2" passed="2" failed="0" skipped="0">
  <reporter-output>
  </reporter-output>
  <suite started-at="2024-03-08T14:36:11 EST" name="Default suite" finished-at="2024-03-08T14:36:26 EST" duration-ms="15056">
    <groups>
    </groups>
    <test started-at="2024-03-08T14:36:11 EST" name="Default test" finished-at="2024-03-08T14:36:26 EST" duration-ms="15056">
      <class name="pom.LoginTest">
        <test-method is-config="true" signature="setup()[pri:0, instance:pom.LoginTest@60704c]" started-at="2024-03-08T14:36:11 EST" name="setup" finished-at="2024-03-08T14:36:24 EST" duration-ms="13056" status="PASS">
          <reporter-output>
          </reporter-output>
        </test-method> <!-- setup -->
        <test-method signature="testLogo()[pri:1, instance:pom.LoginTest@60704c]" started-at="2024-03-08T14:36:24 EST" name="testLogo" finished-at="2024-03-08T14:36:24 EST" duration-ms="97" status="PASS">
          <reporter-output>
          </reporter-output>
        </test-method> <!-- testLogo -->
        <test-method signature="testLogin()[pri:2, instance:pom.LoginTest@60704c]" started-at="2024-03-08T14:36:24 EST" name="testLogin" finished-at="2024-03-08T14:36:26 EST" duration-ms="1572" status="PASS">
          <reporter-output>
          </reporter-output>
        </test-method> <!-- testLogin -->
        <test-method is-config="true" signature="tearDown()[pri:0, instance:pom.LoginTest@60704c]" started-at="2024-03-08T14:36:26 EST" name="tearDown" finished-at="2024-03-08T14:36:26 EST" duration-ms="274" status="PASS">
          <reporter-output>
          </reporter-output>
        </test-method> <!-- tearDown -->
      </class> <!-- pom.LoginTest -->
    </test> <!-- Default test -->
  </suite> <!-- Default suite -->
</testng-results>
